<?xml version="1.0" encoding="UTF-8"?>
<!-- Generated by org.testng.reporters.JUnitReportReporter -->
<testsuite hostname="DESKTOP-NUR7TCI" failures="0" tests="1" name="MemoryStoreSong" time="0.025" errors="0" timestamp="2023-07-20T16:36:57 IST" skipped="0">
  <testcase classname="MemoryStoreSong" name="inMemoryStoreSongs" time="0.025"/>
</testsuite> <!-- MemoryStoreSong -->
